> Task :gradle:checkKotlinGradlePluginConfigurationErrors SKIPPED
> Task :gradle:compileKotlin UP-TO-DATE
> Task :gradle:compileJava NO-SOURCE
> Task :gradle:compileGroovy NO-SOURCE
> Task :gradle:pluginDescriptors UP-TO-DATE
> Task :gradle:processResources UP-TO-DATE
> Task :gradle:classes UP-TO-DATE
> Task :gradle:jar UP-TO-DATE
> Task :app:ReleaseMinSdkCheck

> Task :app:compileFlutterBuildRelease
lib/data/coope_repository.dart:83:67: Error: A value of type 'String?' can't be assigned to a variable of type 'String'.
             final String promoDesc = item['existe_promo'] == "1" ? "Oferta" : null;
                                                                  ^
Target kernel_snapshot_program failed: Exception


> Task :app:compileFlutterBuildRelease FAILED

[Incubating] Problems report is available at: file:///C:/xampp/htdocs/compraBien/compra_bien/build/reports/problems/problems-report.html

FAILURE: Build failed with an exception.

* What went wrong:
Execution failed for task ':app:compileFlutterBuildRelease'.
> Process 'command 'C:\src\flutter\bin\flutter.bat'' finished with non-zero exit value 1

* Try:
> Run with --stacktrace option to get the stack trace.
> Run with --info or --debug option to get more log output.
> Run with --scan to get full insights.
> Get more help at https://help.gradle.org.

Deprecated Gradle features were used in this build, making it incompatible with Gradle 9.0.

You can use '--warning-mode all' to show the individual deprecation warnings and determine if they come from your own scripts or plugins.

For more on this, please refer to https://docs.gradle.org/8.12/userguide/command_line_interface.html#sec:command_line_warnings in the Gradle documentation.

BUILD FAILED in 11s
6 actionable tasks: 2 executed, 4 up-to-date
